PID 17058 received SIGSEGV for address: 0x0
0   segfault-handler.node               0x0000000102fa6fe0 _ZL16segfault_handleriP9__siginfoPv + 304
1   libsystem_platform.dylib            0x00007fff6e6bb5fd _sigtramp + 29
2   ???                                 0x0000000109636117 0x0 + 4452475159
3   watcher.node                        0x0000000102d1140c _ZNKSt3__112basic_stringIcNS_11char_traitsIcEENS_9allocatorIcEEE4sizeEv + 28
4   watcher.node                        0x0000000102d1ac63 _ZNKSt3__112basic_stringIcNS_11char_traitsIcEENS_9allocatorIcEEE7compareINS_17basic_string_viewIcS2_EEEENS_9enable_ifIXsr33__can_be_converted_to_string_viewIcS2_T_EE5valueEiE4typeERKSA_ + 51
5   watcher.node                        0x0000000102d363b9 _ZNKSt3__112basic_stringIcNS_11char_traitsIcEENS_9allocatorIcEEE7compareERKS5_ + 57
6   watcher.node                        0x0000000102d3636d _ZNSt3__1ltIcNS_11char_traitsIcEENS_9allocatorIcEEEEbRKNS_12basic_stringIT_T0_T1_EESB_ + 29
7   watcher.node                        0x0000000102d36331 _ZNKSt3__14lessINS_12basic_stringIcNS_11char_traitsIcEENS_9allocatorIcEEEEEclERKS6_S9_ + 33
8   watcher.node                        0x0000000102d362d5 _ZNKSt3__119__map_value_compareINS_12basic_stringIcNS_11char_traitsIcEENS_9allocatorIcEEEENS_12__value_typeIS6_5EventEENS_4lessIS6_EELb1EEclERKS9_RKS6_ + 53
9   watcher.node                        0x0000000102d360ee _ZNSt3__16__treeINS_12__value_typeINS_12basic_stringIcNS_11char_traitsIcEENS_9allocatorIcEEEE5EventEENS_19__map_value_compareIS7_S9_NS_4lessIS7_EELb1EEENS5_IS9_EEE13__lower_boundIS7_EENS_15__tree_iteratorIS9_PNS_11__tree_nodeIS9_PvEElEERKT_SL_PNS_15__tree_end_nodeIPNS_16__tree_node_baseISJ_EEEE + 78
10  watcher.node                        0x0000000102d35fc9 _ZNSt3__16__treeINS_12__value_typeINS_12basic_stringIcNS_11char_traitsIcEENS_9allocatorIcEEEE5EventEENS_19__map_value_compareIS7_S9_NS_4lessIS7_EELb1EEENS5_IS9_EEE4findIS7_EENS_15__tree_iteratorIS9_PNS_11__tree_nodeIS9_PvEElEERKT_ + 73
11  watcher.node                        0x0000000102d35e3d _ZNSt3__13mapINS_12basic_stringIcNS_11char_traitsIcEENS_9allocatorIcEEEE5EventNS_4lessIS6_EENS4_INS_4pairIKS6_S7_EEEEE4findERSB_ + 29
12  watcher.node                        0x0000000102d358c6 _ZN9EventList6updateENSt3__112basic_stringIcNS0_11char_traitsIcEENS0_9allocatorIcEEEE + 38
13  watcher.node                        0x0000000102d35a55 _ZN9EventList6removeENSt3__112basic_stringIcNS0_11char_traitsIcEENS0_9allocatorIcEEEE + 53
14  watcher.node                        0x0000000102d6f5ef _Z16FSEventsCallbackPK15__FSEventStreamPvmS2_PKjPKy + 1119
15  FSEvents                            0x00007fff35be4993 implementation_callback_rpc + 2841
16  FSEvents                            0x00007fff35be3dfe _Xcallback_rpc + 233
17  FSEvents                            0x00007fff35be3cf7 FSEventsD2F_server + 55
18  FSEvents                            0x00007fff35be692b FSEventsClientProcessMessageCallback + 46
19  CoreFoundation                      0x00007fff344f6b95 __CFMachPortPerform + 250
20  CoreFoundation                      0x00007fff344c8394 __CFRUNLOOP_IS_CALLING_OUT_TO_A_SOURCE1_PERFORM_FUNCTION__ + 41
21  CoreFoundation                      0x00007fff344c82e0 __CFRunLoopDoSource1 + 541
22  CoreFoundation                      0x00007fff344c6e09 __CFRunLoopRun + 2270
23  CoreFoundation                      0x00007fff344c5ece CFRunLoopRunSpecific + 462
24  CoreFoundation                      0x00007fff3454e519 CFRunLoopRun + 40
25  watcher.node                        0x0000000102d7037b _ZN15FSEventsBackend5startEv + 171
26  watcher.node                        0x0000000102d31f73 _ZZN7Backend3runEvENK3$_0clEv + 35
27  watcher.node                        0x0000000102d31efd _ZNSt3__1L8__invokeIZN7Backend3runEvE3$_0JEEEDTclclsr3std3__1E7forwardIT_Efp_Espclsr3std3__1E7forwardIT0_Efp0_EEEOS3_DpOS4_ + 29
28  watcher.node                        0x0000000102d31e65 _ZNSt3__1L16__thread_executeINS_10unique_ptrINS_15__thread_structENS_14default_deleteIS2_EEEEZN7Backend3runEvE3$_0JEJEEEvRNS_5tupleIJT_T0_DpT1_EEENS_15__tuple_indicesIJXspT2_EEEE + 37
29  watcher.node                        0x0000000102d31746 _ZNSt3__114__thread_proxyINS_5tupleIJNS_10unique_ptrINS_15__thread_structENS_14default_deleteIS3_EEEEZN7Backend3runEvE3$_0EEEEEPvSA_ + 118
30  libsystem_pthread.dylib             0x00007fff6e6c7109 _pthread_start + 148
31  libsystem_pthread.dylib             0x00007fff6e6c2b8b thread_start + 15
